<?xml version="1.0" encoding="UTF-8"?>
<!-- Generated by org.testng.reporters.JUnitXMLReporter -->
<testsuite ignored="0" hostname="DESKTOP-PNFH2DG" failures="0" tests="22" name="Default test" time="0.239" errors="0" timestamp="2020-11-09T17:14:25 EET">
  <testcase classname="test.TestProgram" name="arrayTest" time="0.018"/>
  <testcase classname="test.TestProgram" name="arrayTest" time="0.001"/>
  <testcase classname="test.TestProgram" name="arrayTest" time="0.001"/>
  <testcase classname="test.TestProgram" name="booleanTest" time="0.002"/>
  <testcase classname="test.TestProgram" name="booleanTest" time="0.002"/>
  <testcase classname="test.TestProgram" name="caseTest" time="0.003"/>
  <testcase classname="test.TestProgram" name="caseTest" time="0.002"/>
  <testcase classname="test.TestProgram" name="caseTest" time="0.001"/>
  <testcase classname="test.TestProgram" name="forTest" time="0.001"/>
  <testcase classname="test.TestProgram" name="forTest" time="0.001"/>
  <testcase classname="test.TestProgram" name="forTest" time="0.001"/>
  <testcase classname="test.TestProgram" name="ifTest" time="0.001"/>
  <testcase classname="test.TestProgram" name="ifTest" time="0.001"/>
  <testcase classname="test.TestProgram" name="ifTest" time="0.001"/>
  <testcase classname="test.TestProgram" name="integerTest" time="0.001"/>
  <testcase classname="test.TestProgram" name="integerTest" time="0.001"/>
  <testcase classname="test.TestProgram" name="matrixTest" time="0.001"/>
  <testcase classname="test.TestProgram" name="minMaxTest" time="0.001"/>
  <testcase classname="test.TestProgram" name="minMaxTest" time="0.001"/>
  <testcase classname="test.TestProgram" name="whileTest" time="0.001"/>
  <testcase classname="test.TestProgram" name="whileTest" time="0.0"/>
  <testcase classname="test.TestProgram" name="whileTest" time="0.0"/>
</testsuite> <!-- Default test -->
